#
# There is insufficient memory for the Java Runtime Environment to continue.
# Native memory allocation (malloc) failed to allocate 358816 bytes. Error detail: Chunk::new
# Possible reasons:
#   The system is out of physical RAM or swap space
#   This process is running with CompressedOops enabled, and the Java Heap may be blocking the growth of the native heap
# Possible solutions:
#   Reduce memory load on the system
#   Increase physical memory or swap space
#   Check if swap backing store is full
#   Decrease Java heap size (-Xmx/-Xms)
#   Decrease number of Java threads
#   Decrease Java thread stack sizes (-Xss)
#   Set larger code cache with -XX:ReservedCodeCacheSize=
#   JVM is running with Unscaled Compressed Oops mode in which the Java heap is
#     placed in the first 4GB address space. The Java Heap base address is the
#     maximum limit for the native heap growth. Please use -XX:HeapBaseMinAddress
#     to set the Java Heap base and to place the Java Heap above 4GB virtual address.
# This output file may be truncated or incomplete.
#
#  Out of Memory Error (arena.cpp:191), pid=27268, tid=14884
#
# JRE version: OpenJDK Runtime Environment Temurin-17.0.13+11 (17.0.13+11) (build 17.0.13+11)
# Java VM: OpenJDK 64-Bit Server VM Temurin-17.0.13+11 (17.0.13+11, mixed mode, tiered, compressed oops, compressed class ptrs, parallel gc, windows-amd64)
# No core dump will be written. Minidumps are not enabled by default on client versions of Windows
#

---------------  S U M M A R Y ------------

Command Line: --add-modules=ALL-SYSTEM --add-opens=java.base/java.util=ALL-UNNAMED --add-opens=java.base/java.lang=ALL-UNNAMED --add-opens=java.base/sun.nio.fs=ALL-UNNAMED -Declipse.application=org.eclipse.jdt.ls.core.id1 -Dosgi.bundles.defaultStartLevel=4 -Declipse.product=org.eclipse.jdt.ls.core.product -Djava.import.generatesMetadataFilesAtProjectRoot=false -DDetectVMInstallationsJob.disabled=true -Dfile.encoding=utf8 -XX:+UseParallelGC -XX:GCTimeRatio=4 -XX:AdaptiveSizePolicyWeight=90 -Dsun.zip.disableMemoryMapping=true -Xmx1G -Xms100m -Xlog:disable -javaagent:c:\Users\Piyush.Rawat\.vscode\extensions\redhat.java-1.37.0-win32-x64\lombok\lombok-1.18.34.jar -XX:+HeapDumpOnOutOfMemoryError -XX:HeapDumpPath=c:\Users\Piyush.Rawat\AppData\Roaming\Code\User\workspaceStorage\f794391751725f012e91e57c6f0216ca\redhat.java -Daether.dependencyCollector.impl=bf c:\Users\Piyush.Rawat\.vscode\extensions\redhat.java-1.37.0-win32-x64\server\plugins\org.eclipse.equinox.launcher_1.6.900.v20240613-2009.jar -configuration c:\Users\Piyush.Rawat\AppData\Roaming\Code\User\globalStorage\redhat.java\1.37.0\config_win -data c:\Users\Piyush.Rawat\AppData\Roaming\Code\User\workspaceStorage\f794391751725f012e91e57c6f0216ca\redhat.java\jdt_ws --pipe=\\.\pipe\lsp-04c8f7ad80977334a6b9422c05360e4e-sock

Host: 11th Gen Intel(R) Core(TM) i7-11800H @ 2.30GHz, 16 cores, 15G,  Windows 11 , 64 bit Build 22621 (10.0.22621.4391)
Time: Thu Dec  5 14:11:19 2024 India Standard Time elapsed time: 2814.007052 seconds (0d 0h 46m 54s)

---------------  T H R E A D  ---------------

Current thread (0x0000015ebcbc9870):  JavaThread "C2 CompilerThread0" daemon [_thread_in_native, id=14884, stack(0x0000002a4d400000,0x0000002a4d500000)]


Current CompileTask:
C2:2814007 21668 %     4       org.eclipse.jdt.internal.core.index.DiskIndex::mergeCategory @ 251 (301 bytes)

Stack: [0x0000002a4d400000,0x0000002a4d500000]
Native frames: (J=compiled Java code, j=interpreted, Vv=VM code, C=native code)
V  [jvm.dll+0x682a19]
V  [jvm.dll+0x839538]
V  [jvm.dll+0x83afe3]
V  [jvm.dll+0x83b653]
V  [jvm.dll+0x24704f]
V  [jvm.dll+0xace34]
V  [jvm.dll+0xad4cc]
V  [jvm.dll+0x2ac84f]
V  [jvm.dll+0x588a79]
V  [jvm.dll+0x220ea2]
V  [jvm.dll+0x22129f]
V  [jvm.dll+0x21a2b0]
V  [jvm.dll+0x21738b]
V  [jvm.dll+0x1a3070]
V  [jvm.dll+0x22788c]
V  [jvm.dll+0x2259eb]
V  [jvm.dll+0x7eec98]
V  [jvm.dll+0x7e8ffc]
V  [jvm.dll+0x6818f7]
C  [ucrtbase.dll+0x29333]
C  [KERNEL32.DLL+0x1259d]
C  [ntdll.dll+0x5af38]


---------------  P R O C E S S  ---------------

Threads class SMR info:
_java_thread_list=0x0000015ec0d623e0, length=49, elements={
0x0000015ea1cb52b0, 0x0000015eb7a87b10, 0x0000015eb7a88c80, 0x0000015ebcbc0f20,
0x0000015ebcbc18f0, 0x0000015ebcbc42d0, 0x0000015ebcbc6bb0, 0x0000015ebcbc9870,
0x0000015ea1d4e410, 0x0000015ea1d4e930, 0x0000015ebccaa170, 0x0000015ebedb5490,
0x0000015ebf4ea070, 0x0000015ebf60f7c0, 0x0000015ebf628010, 0x0000015ebf62a490,
0x0000015ebfbab3c0, 0x0000015ebf5e50a0, 0x0000015ebf5e4680, 0x0000015ebf5e5ac0,
0x0000015ebf5e2d30, 0x0000015ec018d570, 0x0000015ec018da80, 0x0000015ec018df90,
0x0000015ec018e4a0, 0x0000015ec018e9b0, 0x0000015ec018f8e0, 0x0000015ec0192b80,
0x0000015ec0190810, 0x0000015ec0192160, 0x0000015ec018f3d0, 0x0000015ec0192670,
0x0000015ec018eec0, 0x0000015ec018fdf0, 0x0000015ec0190300, 0x0000015ec0193090,
0x0000015ec0190d20, 0x0000015ec018cb50, 0x0000015ec01935a0, 0x0000015ec0193ab0,
0x0000015ec01944d0, 0x0000015ec018d060, 0x0000015ec6413870, 0x0000015ec6412430,
0x0000015ed8758830, 0x0000015ed8759c70, 0x0000015ed8757e10, 0x0000015ed875a180,
0x0000015ed875a690
}

Java Threads: ( => current thread )
  0x0000015ea1cb52b0 JavaThread "main" [_thread_blocked, id=26532, stack(0x0000002a4cb00000,0x0000002a4cc00000)]
  0x0000015eb7a87b10 JavaThread "Reference Handler" daemon [_thread_blocked, id=24152, stack(0x0000002a4ce00000,0x0000002a4cf00000)]
  0x0000015eb7a88c80 JavaThread "Finalizer" daemon [_thread_blocked, id=24884, stack(0x0000002a4cf00000,0x0000002a4d000000)]
  0x0000015ebcbc0f20 JavaThread "Signal Dispatcher" daemon [_thread_blocked, id=11552, stack(0x0000002a4d000000,0x0000002a4d100000)]
  0x0000015ebcbc18f0 JavaThread "Attach Listener" daemon [_thread_blocked, id=2700, stack(0x0000002a4d100000,0x0000002a4d200000)]
  0x0000015ebcbc42d0 JavaThread "Service Thread" daemon [_thread_blocked, id=14188, stack(0x0000002a4d200000,0x0000002a4d300000)]
  0x0000015ebcbc6bb0 JavaThread "Monitor Deflation Thread" daemon [_thread_blocked, id=7296, stack(0x0000002a4d300000,0x0000002a4d400000)]
=>0x0000015ebcbc9870 JavaThread "C2 CompilerThread0" daemon [_thread_in_native, id=14884, stack(0x0000002a4d400000,0x0000002a4d500000)]
  0x0000015ea1d4e410 JavaThread "C1 CompilerThread0" daemon [_thread_blocked, id=24136, stack(0x0000002a4d500000,0x0000002a4d600000)]
  0x0000015ea1d4e930 JavaThread "Sweeper thread" daemon [_thread_blocked, id=23160, stack(0x0000002a4d600000,0x0000002a4d700000)]
  0x0000015ebccaa170 JavaThread "Common-Cleaner" daemon [_thread_blocked, id=3852, stack(0x0000002a4d700000,0x0000002a4d800000)]
  0x0000015ebedb5490 JavaThread "Notification Thread" daemon [_thread_blocked, id=7476, stack(0x0000002a4dc00000,0x0000002a4dd00000)]
  0x0000015ebf4ea070 JavaThread "Active Thread: Equinox Container: 70870257-f603-4f7e-81b2-775763f08359" [_thread_blocked, id=2196, stack(0x0000002a4e400000,0x0000002a4e500000)]
  0x0000015ebf60f7c0 JavaThread "Refresh Thread: Equinox Container: 70870257-f603-4f7e-81b2-775763f08359" daemon [_thread_blocked, id=19632, stack(0x0000002a4de00000,0x0000002a4df00000)]
  0x0000015ebf628010 JavaThread "Framework Event Dispatcher: Equinox Container: 70870257-f603-4f7e-81b2-775763f08359" daemon [_thread_blocked, id=22428, stack(0x0000002a4e700000,0x0000002a4e800000)]
  0x0000015ebf62a490 JavaThread "Start Level: Equinox Container: 70870257-f603-4f7e-81b2-775763f08359" daemon [_thread_blocked, id=29104, stack(0x0000002a4e800000,0x0000002a4e900000)]
  0x0000015ebfbab3c0 JavaThread "Bundle File Closer" daemon [_thread_blocked, id=26284, stack(0x0000002a4ea00000,0x0000002a4eb00000)]
  0x0000015ebf5e50a0 JavaThread "SCR Component Actor" daemon [_thread_blocked, id=18852, stack(0x0000002a4ed00000,0x0000002a4ee00000)]
  0x0000015ebf5e4680 JavaThread "Worker-JM" [_thread_blocked, id=20528, stack(0x0000002a4f000000,0x0000002a4f100000)]
  0x0000015ebf5e5ac0 JavaThread "JNA Cleaner" daemon [_thread_blocked, id=20312, stack(0x0000002a4da00000,0x0000002a4db00000)]
  0x0000015ebf5e2d30 JavaThread "Java indexing" daemon [_thread_in_Java, id=7036, stack(0x0000002a4f600000,0x0000002a4f700000)]
  0x0000015ec018d570 JavaThread "Worker-2" [_thread_blocked, id=25260, stack(0x0000002a4f700000,0x0000002a4f800000)]
  0x0000015ec018da80 JavaThread "Thread-2" daemon [_thread_in_native, id=27752, stack(0x0000002a4fa00000,0x0000002a4fb00000)]
  0x0000015ec018df90 JavaThread "Thread-3" daemon [_thread_in_native, id=24736, stack(0x0000002a4fb00000,0x0000002a4fc00000)]
  0x0000015ec018e4a0 JavaThread "Thread-4" daemon [_thread_in_native, id=15792, stack(0x0000002a4fc00000,0x0000002a4fd00000)]
  0x0000015ec018e9b0 JavaThread "Thread-5" daemon [_thread_in_native, id=21004, stack(0x0000002a4fd00000,0x0000002a4fe00000)]
  0x0000015ec018f8e0 JavaThread "Thread-6" daemon [_thread_in_native, id=15396, stack(0x0000002a4fe00000,0x0000002a4ff00000)]
  0x0000015ec0192b80 JavaThread "Thread-7" daemon [_thread_in_native, id=9724, stack(0x0000002a4ff00000,0x0000002a50000000)]
  0x0000015ec0190810 JavaThread "Thread-8" daemon [_thread_in_native, id=11672, stack(0x0000002a50000000,0x0000002a50100000)]
  0x0000015ec0192160 JavaThread "Thread-9" daemon [_thread_in_native, id=26640, stack(0x0000002a50100000,0x0000002a50200000)]
  0x0000015ec018f3d0 JavaThread "Thread-10" daemon [_thread_in_native, id=15332, stack(0x0000002a50200000,0x0000002a50300000)]
  0x0000015ec0192670 JavaThread "Thread-11" daemon [_thread_in_native, id=20796, stack(0x0000002a50300000,0x0000002a50400000)]
  0x0000015ec018eec0 JavaThread "Thread-12" daemon [_thread_in_native, id=18604, stack(0x0000002a50400000,0x0000002a50500000)]
  0x0000015ec018fdf0 JavaThread "Thread-13" daemon [_thread_in_native, id=27352, stack(0x0000002a50500000,0x0000002a50600000)]
  0x0000015ec0190300 JavaThread "Thread-14" daemon [_thread_in_native, id=24004, stack(0x0000002a50600000,0x0000002a50700000)]
  0x0000015ec0193090 JavaThread "Thread-15" daemon [_thread_in_native, id=6496, stack(0x0000002a50700000,0x0000002a50800000)]
  0x0000015ec0190d20 JavaThread "Thread-16" daemon [_thread_in_native, id=17300, stack(0x0000002a50800000,0x0000002a50900000)]
  0x0000015ec018cb50 JavaThread "Thread-17" daemon [_thread_in_native, id=5432, stack(0x0000002a50900000,0x0000002a50a00000)]
  0x0000015ec01935a0 JavaThread "Thread-18" daemon [_thread_in_native, id=16364, stack(0x0000002a50a00000,0x0000002a50b00000)]
  0x0000015ec0193ab0 JavaThread "pool-2-thread-1" [_thread_blocked, id=19568, stack(0x0000002a50b00000,0x0000002a50c00000)]
  0x0000015ec01944d0 JavaThread "WorkspaceEventsHandler" [_thread_blocked, id=19528, stack(0x0000002a51300000,0x0000002a51400000)]
  0x0000015ec018d060 JavaThread "pool-1-thread-1" [_thread_blocked, id=6736, stack(0x0000002a51400000,0x0000002a51500000)]
  0x0000015ec6413870 JavaThread "Timer-0" [_thread_blocked, id=8136, stack(0x0000002a4ee00000,0x0000002a4ef00000)]
  0x0000015ec6412430 JavaThread "Timer-1" [_thread_blocked, id=23072, stack(0x0000002a4d900000,0x0000002a4da00000)]
  0x0000015ed8758830 JavaThread "Worker-7" [_thread_blocked, id=14476, stack(0x0000002a4c900000,0x0000002a4ca00000)]
  0x0000015ed8759c70 JavaThread "ForkJoinPool.commonPool-worker-16" daemon [_thread_blocked, id=16412, stack(0x0000002a4c800000,0x0000002a4c900000)]
  0x0000015ed8757e10 JavaThread "pool-24-thread-1" [_thread_blocked, id=7276, stack(0x0000002a4ca00000,0x0000002a4cb00000)]
  0x0000015ed875a180 JavaThread "Framework stop - Equinox Container: 70870257-f603-4f7e-81b2-775763f08359" [_thread_blocked, id=27124, stack(0x0000002a4d800000,0x0000002a4d900000)]
  0x0000015ed875a690 JavaThread "SCR Component Registry" daemon [_thread_blocked, id=3168, stack(0x0000002a4db00000,0x0000002a4dc00000)]

Other Threads:
  0x0000015ebcb845f0 VMThread "VM Thread" [stack: 0x0000002a4cd00000,0x0000002a4ce00000] [id=25688]
  0x0000015ebedb5970 WatcherThread [stack: 0x0000002a4dd00000,0x0000002a4de00000] [id=15788]
  0x0000015ea1ccb1a0 GCTaskThread "GC Thread#0" [stack: 0x0000002a4cc00000,0x0000002a4cd00000] [id=29776]
  0x0000015ebf28dde0 GCTaskThread "GC Thread#1" [stack: 0x0000002a4df00000,0x0000002a4e000000] [id=21244]
  0x0000015ebf206410 GCTaskThread "GC Thread#2" [stack: 0x0000002a4e000000,0x0000002a4e100000] [id=6404]
  0x0000015ebf2066d0 GCTaskThread "GC Thread#3" [stack: 0x0000002a4e100000,0x0000002a4e200000] [id=20420]
  0x0000015ebf206990 GCTaskThread "GC Thread#4" [stack: 0x0000002a4e200000,0x0000002a4e300000] [id=9224]
  0x0000015ebf206c50 GCTaskThread "GC Thread#5" [stack: 0x0000002a4e300000,0x0000002a4e400000] [id=29040]
  0x0000015ebf05f9b0 GCTaskThread "GC Thread#6" [stack: 0x0000002a4e500000,0x0000002a4e600000] [id=22772]
  0x0000015ebf62f430 GCTaskThread "GC Thread#7" [stack: 0x0000002a4e600000,0x0000002a4e700000] [id=10968]
  0x0000015ebfb203a0 GCTaskThread "GC Thread#8" [stack: 0x0000002a4eb00000,0x0000002a4ec00000] [id=24388]
  0x0000015ebfb20870 GCTaskThread "GC Thread#9" [stack: 0x0000002a4ec00000,0x0000002a4ed00000] [id=21656]
  0x0000015ebf975800 GCTaskThread "GC Thread#10" [stack: 0x0000002a4e900000,0x0000002a4ea00000] [id=11168]
  0x0000015ebf975ac0 GCTaskThread "GC Thread#11" [stack: 0x0000002a4ef00000,0x0000002a4f000000] [id=22224]
  0x0000015ebfdfda70 GCTaskThread "GC Thread#12" [stack: 0x0000002a4f400000,0x0000002a4f500000] [id=16812]

Threads with active compile tasks:
C2 CompilerThread0  2814177 21668 %     4       org.eclipse.jdt.internal.core.index.DiskIndex::mergeCategory @ 251 (301 bytes)

VM state: not at safepoint (normal execution)

VM Mutex/Monitor currently owned by a thread: None

Heap address: 0x00000000c0000000, size: 1024 MB, Compressed Oops mode: 32-bit

CDS archive(s) not mapped
Compressed class space mapped at: 0x0000000100000000-0x0000000140000000, reserved size: 1073741824
Narrow klass base: 0x0000000000000000, Narrow klass shift: 3, Narrow klass range: 0x140000000

GC Precious Log:
 CPUs: 16 total, 16 available
 Memory: 16126M
 Large Page Support: Disabled
 NUMA Support: Disabled
 Compressed Oops: Enabled (32-bit)
 Alignments: Space 512K, Generation 512K, Heap 2M
 Heap Min Capacity: 100M
 Heap Initial Capacity: 100M
 Heap Max Capacity: 1G
 Pre-touch: Disabled
 Parallel Workers: 13

Heap:
 PSYoungGen      total 4608K, used 1079K [0x00000000eab00000, 0x00000000eb080000, 0x0000000100000000)
  eden space 4096K, 14% used [0x00000000eab00000,0x00000000eab95f18,0x00000000eaf00000)
  from space 512K, 93% used [0x00000000eb000000,0x00000000eb078000,0x00000000eb080000)
  to   space 512K, 0% used [0x00000000eaf80000,0x00000000eaf80000,0x00000000eb000000)
 ParOldGen       total 454656K, used 402993K [0x00000000c0000000, 0x00000000dbc00000, 0x00000000eab00000)
  object space 454656K, 88% used [0x00000000c0000000,0x00000000d898c7e8,0x00000000dbc00000)
 Metaspace       used 96822K, committed 98368K, reserved 1179648K
  class space    used 10459K, committed 11136K, reserved 1048576K

Card table byte_map: [0x0000015eb5320000,0x0000015eb5530000] _byte_map_base: 0x0000015eb4d20000

Marking Bits: (ParMarkBitMap*) 0x00007ffa46196940
 Begin Bits: [0x0000015eb5690000, 0x0000015eb6690000)
 End Bits:   [0x0000015eb6690000, 0x0000015eb7690000)

Polling page: 0x0000015ea1c10000

Metaspace:

Usage:
  Non-class:     84.34 MB used.
      Class:     10.21 MB used.
       Both:     94.55 MB used.

Virtual space:
  Non-class space:      128.00 MB reserved,      85.19 MB ( 67%) committed,  2 nodes.
      Class space:        1.00 GB reserved,      10.88 MB (  1%) committed,  1 nodes.
             Both:        1.12 GB reserved,      96.06 MB (  8%) committed. 

Chunk freelists:
   Non-Class:  10.22 MB
       Class:  4.94 MB
        Both:  15.16 MB

MaxMetaspaceSize: unlimited
CompressedClassSpaceSize: 1.00 GB
Initial GC threshold: 21.00 MB
Current GC threshold: 159.06 MB
CDS: off
MetaspaceReclaimPolicy: balanced
 - commit_granule_bytes: 65536.
 - commit_granule_words: 8192.
 - virtual_space_node_default_size: 8388608.
 - enlarge_chunks_in_place: 1.
 - new_chunks_are_fully_committed: 0.
 - uncommit_free_chunks: 1.
 - use_allocation_guard: 0.
 - handle_deallocations: 1.


Internal statistics:

num_allocs_failed_limit: 11.
num_arena_births: 1192.
num_arena_deaths: 26.
num_vsnodes_births: 3.
num_vsnodes_deaths: 0.
num_space_committed: 1537.
num_space_uncommitted: 0.
num_chunks_returned_to_freelist: 43.
num_chunks_taken_from_freelist: 5312.
num_chunk_merges: 21.
num_chunk_splits: 3301.
num_chunks_enlarged: 1913.
num_inconsistent_stats: 0.

CodeHeap 'non-profiled nmethods': size=119168Kb used=19722Kb max_used=19722Kb free=99445Kb
 bounds [0x0000015eaddd0000, 0x0000015eaf120000, 0x0000015eb5230000]
CodeHeap 'profiled nmethods': size=119104Kb used=35676Kb max_used=35676Kb free=83428Kb
 bounds [0x0000015ea6230000, 0x0000015ea8510000, 0x0000015ead680000]
CodeHeap 'non-nmethods': size=7488Kb used=1443Kb max_used=3247Kb free=6044Kb
 bounds [0x0000015ead680000, 0x0000015ead9c0000, 0x0000015eaddd0000]
 total_blobs=17595 nmethods=16812 adapters=693
 compilation: enabled
              stopped_count=0, restarted_count=0
 full_count=0

Compilation events (20 events):
Event: 2812.650 Thread 0x0000015ea1d4e410 nmethod 21657 0x0000015ea8501d10 code [0x0000015ea8501ee0, 0x0000015ea8502298]
Event: 2812.650 Thread 0x0000015ea1d4e410 21658   !   3       org.eclipse.osgi.internal.serviceregistry.ServiceRegistrationImpl::isUnregistered (26 bytes)
Event: 2812.650 Thread 0x0000015ea1d4e410 nmethod 21658 0x0000015ea8502410 code [0x0000015ea85025a0, 0x0000015ea85027d8]
Event: 2812.650 Thread 0x0000015ea1d4e410 21660       1       org.apache.felix.scr.impl.manager.AbstractComponentManager::isFactory (2 bytes)
Event: 2812.650 Thread 0x0000015ea1d4e410 nmethod 21660 0x0000015eaf111690 code [0x0000015eaf111820, 0x0000015eaf1118f8]
Event: 2812.838 Thread 0x0000015ea1d4e410 21661   !   3       org.eclipse.osgi.internal.framework.EquinoxEventPublisher::publishBundleEventPrivileged (651 bytes)
Event: 2812.838 Thread 0x0000015ebcbc9870 21662       4       org.eclipse.osgi.framework.eventmgr.CopyOnWriteIdentityMap$Snapshot$SnapshotIterator::hasNext (15 bytes)
Event: 2812.839 Thread 0x0000015ebcbc9870 nmethod 21662 0x0000015eaf111990 code [0x0000015eaf111b00, 0x0000015eaf111b98]
Event: 2812.839 Thread 0x0000015ebcbc9870 21663       4       org.eclipse.osgi.framework.eventmgr.CopyOnWriteIdentityMap$Snapshot$EntryIterator::next (5 bytes)
Event: 2812.850 Thread 0x0000015ebcbc9870 nmethod 21663 0x0000015eaf111c90 code [0x0000015eaf111e20, 0x0000015eaf111f38]
Event: 2812.932 Thread 0x0000015ea1d4e410 nmethod 21661 0x0000015ea8502890 code [0x0000015ea85030c0, 0x0000015ea8508db8]
Event: 2813.145 Thread 0x0000015ea1d4e410 21664       3       jdk.xml.internal.XMLSecurityManager$NameMap::getOldName (18 bytes)
Event: 2813.146 Thread 0x0000015ea1d4e410 nmethod 21664 0x0000015ea850b090 code [0x0000015ea850b240, 0x0000015ea850b408]
Event: 2813.147 Thread 0x0000015ea1d4e410 21665       3       com.sun.org.apache.xml.internal.serializer.SerializerBase::getOutputPropertyNonDefault (7 bytes)
Event: 2813.147 Thread 0x0000015ea1d4e410 nmethod 21665 0x0000015ea850b510 code [0x0000015ea850b6a0, 0x0000015ea850b7e8]
Event: 2813.268 Thread 0x0000015ebcbc9870 21666   !   4       org.eclipse.osgi.internal.framework.BundleContextImpl::setContextFinder (77 bytes)
Event: 2813.273 Thread 0x0000015ebcbc9870 nmethod 21666 0x0000015eaf112090 code [0x0000015eaf112220, 0x0000015eaf112738]
Event: 2813.280 Thread 0x0000015ea1d4e410 21667       3       org.apache.felix.scr.impl.Activator::debug (78 bytes)
Event: 2813.282 Thread 0x0000015ea1d4e410 nmethod 21667 0x0000015ea850b890 code [0x0000015ea850bb20, 0x0000015ea850c5e8]
Event: 2813.824 Thread 0x0000015ebcbc9870 21668 %     4       org.eclipse.jdt.internal.core.index.DiskIndex::mergeCategory @ 251 (301 bytes)

GC Heap History (20 events):
Event: 68.908 GC heap before
{Heap before GC invocations=1113 (full 30):
 PSYoungGen      total 4608K, used 4448K [0x00000000eab00000, 0x00000000eb100000, 0x0000000100000000)
  eden space 4096K, 100% used [0x00000000eab00000,0x00000000eaf00000,0x00000000eaf00000)
  from space 512K, 68% used [0x00000000eb080000,0x00000000eb0d8000,0x00000000eb100000)
  to   space 512K, 0% used [0x00000000eb000000,0x00000000eb000000,0x00000000eb080000)
 ParOldGen       total 454656K, used 401861K [0x00000000c0000000, 0x00000000dbc00000, 0x00000000eab00000)
  object space 454656K, 88% used [0x00000000c0000000,0x00000000d88716b0,0x00000000dbc00000)
 Metaspace       used 96158K, committed 97728K, reserved 1179648K
  class space    used 10382K, committed 11072K, reserved 1048576K
}
Event: 68.910 GC heap after
{Heap after GC invocations=1113 (full 30):
 PSYoungGen      total 4608K, used 384K [0x00000000eab00000, 0x00000000eb100000, 0x0000000100000000)
  eden space 4096K, 0% used [0x00000000eab00000,0x00000000eab00000,0x00000000eaf00000)
  from space 512K, 75% used [0x00000000eb000000,0x00000000eb060000,0x00000000eb080000)
  to   space 512K, 0% used [0x00000000eb080000,0x00000000eb080000,0x00000000eb100000)
 ParOldGen       total 454656K, used 401965K [0x00000000c0000000, 0x00000000dbc00000, 0x00000000eab00000)
  object space 454656K, 88% used [0x00000000c0000000,0x00000000d888b6b0,0x00000000dbc00000)
 Metaspace       used 96158K, committed 97728K, reserved 1179648K
  class space    used 10382K, committed 11072K, reserved 1048576K
}
Event: 68.974 GC heap before
{Heap before GC invocations=1114 (full 30):
 PSYoungGen      total 4608K, used 4480K [0x00000000eab00000, 0x00000000eb100000, 0x0000000100000000)
  eden space 4096K, 100% used [0x00000000eab00000,0x00000000eaf00000,0x00000000eaf00000)
  from space 512K, 75% used [0x00000000eb000000,0x00000000eb060000,0x00000000eb080000)
  to   space 512K, 0% used [0x00000000eb080000,0x00000000eb080000,0x00000000eb100000)
 ParOldGen       total 454656K, used 401965K [0x00000000c0000000, 0x00000000dbc00000, 0x00000000eab00000)
  object space 454656K, 88% used [0x00000000c0000000,0x00000000d888b6b0,0x00000000dbc00000)
 Metaspace       used 96165K, committed 97728K, reserved 1179648K
  class space    used 10382K, committed 11072K, reserved 1048576K
}
Event: 68.975 GC heap after
{Heap after GC invocations=1114 (full 30):
 PSYoungGen      total 4608K, used 384K [0x00000000eab00000, 0x00000000eb100000, 0x0000000100000000)
  eden space 4096K, 0% used [0x00000000eab00000,0x00000000eab00000,0x00000000eaf00000)
  from space 512K, 75% used [0x00000000eb080000,0x00000000eb0e0000,0x00000000eb100000)
  to   space 512K, 0% used [0x00000000eb000000,0x00000000eb000000,0x00000000eb080000)
 ParOldGen       total 454656K, used 402093K [0x00000000c0000000, 0x00000000dbc00000, 0x00000000eab00000)
  object space 454656K, 88% used [0x00000000c0000000,0x00000000d88ab6b0,0x00000000dbc00000)
 Metaspace       used 96165K, committed 97728K, reserved 1179648K
  class space    used 10382K, committed 11072K, reserved 1048576K
}
Event: 68.999 GC heap before
{Heap before GC invocations=1115 (full 30):
 PSYoungGen      total 4608K, used 4480K [0x00000000eab00000, 0x00000000eb100000, 0x0000000100000000)
  eden space 4096K, 100% used [0x00000000eab00000,0x00000000eaf00000,0x00000000eaf00000)
  from space 512K, 75% used [0x00000000eb080000,0x00000000eb0e0000,0x00000000eb100000)
  to   space 512K, 0% used [0x00000000eb000000,0x00000000eb000000,0x00000000eb080000)
 ParOldGen       total 454656K, used 402093K [0x00000000c0000000, 0x00000000dbc00000, 0x00000000eab00000)
  object space 454656K, 88% used [0x00000000c0000000,0x00000000d88ab6b0,0x00000000dbc00000)
 Metaspace       used 96166K, committed 97728K, reserved 1179648K
  class space    used 10382K, committed 11072K, reserved 1048576K
}
Event: 69.001 GC heap after
{Heap after GC invocations=1115 (full 30):
 PSYoungGen      total 4608K, used 384K [0x00000000eab00000, 0x00000000eb100000, 0x0000000100000000)
  eden space 4096K, 0% used [0x00000000eab00000,0x00000000eab00000,0x00000000eaf00000)
  from space 512K, 75% used [0x00000000eb000000,0x00000000eb060000,0x00000000eb080000)
  to   space 512K, 0% used [0x00000000eb080000,0x00000000eb080000,0x00000000eb100000)
 ParOldGen       total 454656K, used 402228K [0x00000000c0000000, 0x00000000dbc00000, 0x00000000eab00000)
  object space 454656K, 88% used [0x00000000c0000000,0x00000000d88cd350,0x00000000dbc00000)
 Metaspace       used 96166K, committed 97728K, reserved 1179648K
  class space    used 10382K, committed 11072K, reserved 1048576K
}
Event: 69.047 GC heap before
{Heap before GC invocations=1116 (full 30):
 PSYoungGen      total 4608K, used 4480K [0x00000000eab00000, 0x00000000eb100000, 0x0000000100000000)
  eden space 4096K, 100% used [0x00000000eab00000,0x00000000eaf00000,0x00000000eaf00000)
  from space 512K, 75% used [0x00000000eb000000,0x00000000eb060000,0x00000000eb080000)
  to   space 512K, 0% used [0x00000000eb080000,0x00000000eb080000,0x00000000eb100000)
 ParOldGen       total 454656K, used 402228K [0x00000000c0000000, 0x00000000dbc00000, 0x00000000eab00000)
  object space 454656K, 88% used [0x00000000c0000000,0x00000000d88cd350,0x00000000dbc00000)
 Metaspace       used 96167K, committed 97728K, reserved 1179648K
  class space    used 10382K, committed 11072K, reserved 1048576K
}
Event: 69.049 GC heap after
{Heap after GC invocations=1116 (full 30):
 PSYoungGen      total 4608K, used 288K [0x00000000eab00000, 0x00000000eb100000, 0x0000000100000000)
  eden space 4096K, 0% used [0x00000000eab00000,0x00000000eab00000,0x00000000eaf00000)
  from space 512K, 56% used [0x00000000eb080000,0x00000000eb0c8000,0x00000000eb100000)
  to   space 512K, 0% used [0x00000000eb000000,0x00000000eb000000,0x00000000eb080000)
 ParOldGen       total 454656K, used 402308K [0x00000000c0000000, 0x00000000dbc00000, 0x00000000eab00000)
  object space 454656K, 88% used [0x00000000c0000000,0x00000000d88e1350,0x00000000dbc00000)
 Metaspace       used 96167K, committed 97728K, reserved 1179648K
  class space    used 10382K, committed 11072K, reserved 1048576K
}
Event: 69.125 GC heap before
{Heap before GC invocations=1117 (full 30):
 PSYoungGen      total 4608K, used 4384K [0x00000000eab00000, 0x00000000eb100000, 0x0000000100000000)
  eden space 4096K, 100% used [0x00000000eab00000,0x00000000eaf00000,0x00000000eaf00000)
  from space 512K, 56% used [0x00000000eb080000,0x00000000eb0c8000,0x00000000eb100000)
  to   space 512K, 0% used [0x00000000eb000000,0x00000000eb000000,0x00000000eb080000)
 ParOldGen       total 454656K, used 402308K [0x00000000c0000000, 0x00000000dbc00000, 0x00000000eab00000)
  object space 454656K, 88% used [0x00000000c0000000,0x00000000d88e1350,0x00000000dbc00000)
 Metaspace       used 96218K, committed 97792K, reserved 1179648K
  class space    used 10382K, committed 11072K, reserved 1048576K
}
Event: 69.126 GC heap after
{Heap after GC invocations=1117 (full 30):
 PSYoungGen      total 4608K, used 416K [0x00000000eab00000, 0x00000000eb100000, 0x0000000100000000)
  eden space 4096K, 0% used [0x00000000eab00000,0x00000000eab00000,0x00000000eaf00000)
  from space 512K, 81% used [0x00000000eb000000,0x00000000eb068000,0x00000000eb080000)
  to   space 512K, 0% used [0x00000000eb080000,0x00000000eb080000,0x00000000eb100000)
 ParOldGen       total 454656K, used 402433K [0x00000000c0000000, 0x00000000dbc00000, 0x00000000eab00000)
  object space 454656K, 88% used [0x00000000c0000000,0x00000000d89007e8,0x00000000dbc00000)
 Metaspace       used 96218K, committed 97792K, reserved 1179648K
  class space    used 10382K, committed 11072K, reserved 1048576K
}
Event: 312.566 GC heap before
{Heap before GC invocations=1118 (full 30):
 PSYoungGen      total 4608K, used 4511K [0x00000000eab00000, 0x00000000eb100000, 0x0000000100000000)
  eden space 4096K, 99% used [0x00000000eab00000,0x00000000eaefff98,0x00000000eaf00000)
  from space 512K, 81% used [0x00000000eb000000,0x00000000eb068000,0x00000000eb080000)
  to   space 512K, 0% used [0x00000000eb080000,0x00000000eb080000,0x00000000eb100000)
 ParOldGen       total 454656K, used 402433K [0x00000000c0000000, 0x00000000dbc00000, 0x00000000eab00000)
  object space 454656K, 88% used [0x00000000c0000000,0x00000000d89007e8,0x00000000dbc00000)
 Metaspace       used 96539K, committed 98176K, reserved 1179648K
  class space    used 10415K, committed 11136K, reserved 1048576K
}
Event: 312.575 GC heap after
{Heap after GC invocations=1118 (full 30):
 PSYoungGen      total 4608K, used 448K [0x00000000eab00000, 0x00000000eb100000, 0x0000000100000000)
  eden space 4096K, 0% used [0x00000000eab00000,0x00000000eab00000,0x00000000eaf00000)
  from space 512K, 87% used [0x00000000eb080000,0x00000000eb0f0000,0x00000000eb100000)
  to   space 512K, 0% used [0x00000000eb000000,0x00000000eb000000,0x00000000eb080000)
 ParOldGen       total 454656K, used 402441K [0x00000000c0000000, 0x00000000dbc00000, 0x00000000eab00000)
  object space 454656K, 88% used [0x00000000c0000000,0x00000000d89027e8,0x00000000dbc00000)
 Metaspace       used 96539K, committed 98176K, reserved 1179648K
  class space    used 10415K, committed 11136K, reserved 1048576K
}
Event: 313.134 GC heap before
{Heap before GC invocations=1119 (full 30):
 PSYoungGen      total 4608K, used 4544K [0x00000000eab00000, 0x00000000eb100000, 0x0000000100000000)
  eden space 4096K, 100% used [0x00000000eab00000,0x00000000eaf00000,0x00000000eaf00000)
  from space 512K, 87% used [0x00000000eb080000,0x00000000eb0f0000,0x00000000eb100000)
  to   space 512K, 0% used [0x00000000eb000000,0x00000000eb000000,0x00000000eb080000)
 ParOldGen       total 454656K, used 402441K [0x00000000c0000000, 0x00000000dbc00000, 0x00000000eab00000)
  object space 454656K, 88% used [0x00000000c0000000,0x00000000d89027e8,0x00000000dbc00000)
 Metaspace       used 96546K, committed 98176K, reserved 1179648K
  class space    used 10417K, committed 11136K, reserved 1048576K
}
Event: 313.136 GC heap after
{Heap after GC invocations=1119 (full 30):
 PSYoungGen      total 4608K, used 512K [0x00000000eab00000, 0x00000000eb100000, 0x0000000100000000)
  eden space 4096K, 0% used [0x00000000eab00000,0x00000000eab00000,0x00000000eaf00000)
  from space 512K, 100% used [0x00000000eb000000,0x00000000eb080000,0x00000000eb080000)
  to   space 512K, 0% used [0x00000000eb080000,0x00000000eb080000,0x00000000eb100000)
 ParOldGen       total 454656K, used 402449K [0x00000000c0000000, 0x00000000dbc00000, 0x00000000eab00000)
  object space 454656K, 88% used [0x00000000c0000000,0x00000000d89047e8,0x00000000dbc00000)
 Metaspace       used 96546K, committed 98176K, reserved 1179648K
  class space    used 10417K, committed 11136K, reserved 1048576K
}
Event: 313.268 GC heap before
{Heap before GC invocations=1120 (full 30):
 PSYoungGen      total 4608K, used 4608K [0x00000000eab00000, 0x00000000eb100000, 0x0000000100000000)
  eden space 4096K, 100% used [0x00000000eab00000,0x00000000eaf00000,0x00000000eaf00000)
  from space 512K, 100% used [0x00000000eb000000,0x00000000eb080000,0x00000000eb080000)
  to   space 512K, 0% used [0x00000000eb080000,0x00000000eb080000,0x00000000eb100000)
 ParOldGen       total 454656K, used 402449K [0x00000000c0000000, 0x00000000dbc00000, 0x00000000eab00000)
  object space 454656K, 88% used [0x00000000c0000000,0x00000000d89047e8,0x00000000dbc00000)
 Metaspace       used 96547K, committed 98176K, reserved 1179648K
  class space    used 10417K, committed 11136K, reserved 1048576K
}
Event: 313.271 GC heap after
{Heap after GC invocations=1120 (full 30):
 PSYoungGen      total 4608K, used 496K [0x00000000eab00000, 0x00000000eb100000, 0x0000000100000000)
  eden space 4096K, 0% used [0x00000000eab00000,0x00000000eab00000,0x00000000eaf00000)
  from space 512K, 96% used [0x00000000eb080000,0x00000000eb0fc010,0x00000000eb100000)
  to   space 1024K, 0% used [0x00000000eaf00000,0x00000000eaf00000,0x00000000eb000000)
 ParOldGen       total 454656K, used 402705K [0x00000000c0000000, 0x00000000dbc00000, 0x00000000eab00000)
  object space 454656K, 88% used [0x00000000c0000000,0x00000000d89447e8,0x00000000dbc00000)
 Metaspace       used 96547K, committed 98176K, reserved 1179648K
  class space    used 10417K, committed 11136K, reserved 1048576K
}
Event: 2809.544 GC heap before
{Heap before GC invocations=1121 (full 30):
 PSYoungGen      total 4608K, used 4571K [0x00000000eab00000, 0x00000000eb100000, 0x0000000100000000)
  eden space 4096K, 99% used [0x00000000eab00000,0x00000000eaefae18,0x00000000eaf00000)
  from space 512K, 96% used [0x00000000eb080000,0x00000000eb0fc010,0x00000000eb100000)
  to   space 1024K, 0% used [0x00000000eaf00000,0x00000000eaf00000,0x00000000eb000000)
 ParOldGen       total 454656K, used 402705K [0x00000000c0000000, 0x00000000dbc00000, 0x00000000eab00000)
  object space 454656K, 88% used [0x00000000c0000000,0x00000000d89447e8,0x00000000dbc00000)
 Metaspace       used 96639K, committed 98240K, reserved 1179648K
  class space    used 10435K, committed 11136K, reserved 1048576K
}
Event: 2809.715 GC heap after
{Heap after GC invocations=1121 (full 30):
 PSYoungGen      total 5120K, used 460K [0x00000000eab00000, 0x00000000eb100000, 0x0000000100000000)
  eden space 4096K, 0% used [0x00000000eab00000,0x00000000eab00000,0x00000000eaf00000)
  from space 1024K, 44% used [0x00000000eaf00000,0x00000000eaf73010,0x00000000eb000000)
  to   space 1024K, 0% used [0x00000000eb000000,0x00000000eb000000,0x00000000eb100000)
 ParOldGen       total 454656K, used 402985K [0x00000000c0000000, 0x00000000dbc00000, 0x00000000eab00000)
  object space 454656K, 88% used [0x00000000c0000000,0x00000000d898a7e8,0x00000000dbc00000)
 Metaspace       used 96639K, committed 98240K, reserved 1179648K
  class space    used 10435K, committed 11136K, reserved 1048576K
}
Event: 2813.703 GC heap before
{Heap before GC invocations=1122 (full 30):
 PSYoungGen      total 5120K, used 4556K [0x00000000eab00000, 0x00000000eb100000, 0x0000000100000000)
  eden space 4096K, 99% used [0x00000000eab00000,0x00000000eaeffff8,0x00000000eaf00000)
  from space 1024K, 44% used [0x00000000eaf00000,0x00000000eaf73010,0x00000000eb000000)
  to   space 1024K, 0% used [0x00000000eb000000,0x00000000eb000000,0x00000000eb100000)
 ParOldGen       total 454656K, used 402985K [0x00000000c0000000, 0x00000000dbc00000, 0x00000000eab00000)
  object space 454656K, 88% used [0x00000000c0000000,0x00000000d898a7e8,0x00000000dbc00000)
 Metaspace       used 96822K, committed 98368K, reserved 1179648K
  class space    used 10459K, committed 11136K, reserved 1048576K
}
Event: 2813.795 GC heap after
{Heap after GC invocations=1122 (full 30):
 PSYoungGen      total 4608K, used 480K [0x00000000eab00000, 0x00000000eb080000, 0x0000000100000000)
  eden space 4096K, 0% used [0x00000000eab00000,0x00000000eab00000,0x00000000eaf00000)
  from space 512K, 93% used [0x00000000eb000000,0x00000000eb078000,0x00000000eb080000)
  to   space 512K, 0% used [0x00000000eaf80000,0x00000000eaf80000,0x00000000eb000000)
 ParOldGen       total 454656K, used 402993K [0x00000000c0000000, 0x00000000dbc00000, 0x00000000eab00000)
  object space 454656K, 88% used [0x00000000c0000000,0x00000000d898c7e8,0x00000000dbc00000)
 Metaspace       used 96822K, committed 98368K, reserved 1179648K
  class space    used 10459K, committed 11136K, reserved 1048576K
}

Dll operation events (15 events):
Event: 0.051 Loaded shared library c:\Users\Piyush.Rawat\.vscode\extensions\redhat.java-1.37.0-win32-x64\jre\17.0.13-win32-x86_64\bin\java.dll
Event: 0.357 Loaded shared library c:\Users\Piyush.Rawat\.vscode\extensions\redhat.java-1.37.0-win32-x64\jre\17.0.13-win32-x86_64\bin\zip.dll
Event: 0.363 Loaded shared library C:\Users\Piyush.Rawat\.vscode\extensions\redhat.java-1.37.0-win32-x64\jre\17.0.13-win32-x86_64\bin\instrument.dll
Event: 0.405 Loaded shared library C:\Users\Piyush.Rawat\.vscode\extensions\redhat.java-1.37.0-win32-x64\jre\17.0.13-win32-x86_64\bin\net.dll
Event: 0.426 Loaded shared library C:\Users\Piyush.Rawat\.vscode\extensions\redhat.java-1.37.0-win32-x64\jre\17.0.13-win32-x86_64\bin\nio.dll
Event: 0.456 Loaded shared library C:\Users\Piyush.Rawat\.vscode\extensions\redhat.java-1.37.0-win32-x64\jre\17.0.13-win32-x86_64\bin\zip.dll
Event: 0.491 Loaded shared library C:\Users\Piyush.Rawat\.vscode\extensions\redhat.java-1.37.0-win32-x64\jre\17.0.13-win32-x86_64\bin\jimage.dll
Event: 0.646 Loaded shared library c:\Users\Piyush.Rawat\.vscode\extensions\redhat.java-1.37.0-win32-x64\jre\17.0.13-win32-x86_64\bin\verify.dll
Event: 1.877 Loaded shared library C:\Users\Piyush.Rawat\AppData\Roaming\Code\User\globalStorage\redhat.java\1.37.0\config_win\org.eclipse.equinox.launcher\org.eclipse.equinox.launcher.win32.win32.x86_64_1.2.1100.v20240722-2106\eclipse_11904.dll
Event: 3.941 Loaded shared library C:\Users\Piyush.Rawat\AppData\Local\Temp\jna-774751063\jna16377240428760729684.dll
Event: 8.031 Loaded shared library C:\Users\Piyush.Rawat\.vscode\extensions\redhat.java-1.37.0-win32-x64\jre\17.0.13-win32-x86_64\bin\sunmscapi.dll
Event: 8.261 Loaded shared library C:\Users\Piyush.Rawat\.vscode\extensions\redhat.java-1.37.0-win32-x64\jre\17.0.13-win32-x86_64\bin\extnet.dll
Event: 17.284 Loaded shared library C:\Users\Piyush.Rawat\.gradle\native\c067742578af261105cb4f569cf0c3c89f3d7b1fecec35dd04571415982c5e48\windows-amd64\native-platform.dll
Event: 19.238 Loaded shared library C:\Users\Piyush.Rawat\.vscode\extensions\redhat.java-1.37.0-win32-x64\jre\17.0.13-win32-x86_64\bin\management.dll
Event: 19.245 Loaded shared library C:\Users\Piyush.Rawat\.vscode\extensions\redhat.java-1.37.0-win32-x64\jre\17.0.13-win32-x86_64\bin\management_ext.dll

Deoptimization events (20 events):
Event: 2811.365 Thread 0x0000015ed875a180 Uncommon trap: trap_request=0xffffffde fr.pc=0x0000015eaeb181fc relative=0x000000000000067c
Event: 2811.365 Thread 0x0000015ed875a180 Uncommon trap: reason=class_check action=maybe_recompile pc=0x0000015eaeb181fc method=java.util.Collection.removeIf(Ljava/util/function/Predicate;)Z @ 8 c2
Event: 2811.366 Thread 0x0000015ed875a180 DEOPT PACKING pc=0x0000015eaeb181fc sp=0x0000002a4d8fc490
Event: 2811.367 Thread 0x0000015ed875a180 DEOPT UNPACKING pc=0x0000015ead6d9ea3 sp=0x0000002a4d8fc460 mode 2
Event: 2811.386 Thread 0x0000015ed875a180 Uncommon trap: trap_request=0xffffffde fr.pc=0x0000015eaeb181fc relative=0x000000000000067c
Event: 2811.386 Thread 0x0000015ed875a180 Uncommon trap: reason=class_check action=maybe_recompile pc=0x0000015eaeb181fc method=java.util.Collection.removeIf(Ljava/util/function/Predicate;)Z @ 8 c2
Event: 2811.386 Thread 0x0000015ed875a180 DEOPT PACKING pc=0x0000015eaeb181fc sp=0x0000002a4d8fc490
Event: 2811.386 Thread 0x0000015ed875a180 DEOPT UNPACKING pc=0x0000015ead6d9ea3 sp=0x0000002a4d8fc460 mode 2
Event: 2811.589 Thread 0x0000015ed875a180 Uncommon trap: trap_request=0xffffffde fr.pc=0x0000015eaeb181fc relative=0x000000000000067c
Event: 2811.589 Thread 0x0000015ed875a180 Uncommon trap: reason=class_check action=maybe_recompile pc=0x0000015eaeb181fc method=java.util.Collection.removeIf(Ljava/util/function/Predicate;)Z @ 8 c2
Event: 2811.589 Thread 0x0000015ed875a180 DEOPT PACKING pc=0x0000015eaeb181fc sp=0x0000002a4d8fc490
Event: 2811.589 Thread 0x0000015ed875a180 DEOPT UNPACKING pc=0x0000015ead6d9ea3 sp=0x0000002a4d8fc460 mode 2
Event: 2811.764 Thread 0x0000015ed875a180 Uncommon trap: trap_request=0xffffff45 fr.pc=0x0000015eae9f5c90 relative=0x00000000000004d0
Event: 2811.764 Thread 0x0000015ed875a180 Uncommon trap: reason=unstable_if action=reinterpret pc=0x0000015eae9f5c90 method=java.util.IdentityHashMap.remove(Ljava/lang/Object;)Ljava/lang/Object; @ 85 c2
Event: 2811.764 Thread 0x0000015ed875a180 DEOPT PACKING pc=0x0000015eae9f5c90 sp=0x0000002a4d8fc320
Event: 2811.764 Thread 0x0000015ed875a180 DEOPT UNPACKING pc=0x0000015ead6d9ea3 sp=0x0000002a4d8fc2b0 mode 2
Event: 2811.800 Thread 0x0000015ed875a180 Uncommon trap: trap_request=0xffffffde fr.pc=0x0000015eaeb181fc relative=0x000000000000067c
Event: 2811.800 Thread 0x0000015ed875a180 Uncommon trap: reason=class_check action=maybe_recompile pc=0x0000015eaeb181fc method=java.util.Collection.removeIf(Ljava/util/function/Predicate;)Z @ 8 c2
Event: 2811.801 Thread 0x0000015ed875a180 DEOPT PACKING pc=0x0000015eaeb181fc sp=0x0000002a4d8fc490
Event: 2811.801 Thread 0x0000015ed875a180 DEOPT UNPACKING pc=0x0000015ead6d9ea3 sp=0x0000002a4d8fc460 mode 2

Classes loaded (20 events):
Event: 312.451 Loading class java/util/stream/Nodes$ConcNode
Event: 312.451 Loading class java/util/stream/Nodes$AbstractConcNode
Event: 312.451 Loading class java/util/stream/Nodes$AbstractConcNode done
Event: 312.451 Loading class java/util/stream/Nodes$ConcNode done
Event: 312.477 Loading class java/io/ObjectOutputStream$BlockDataOutputStream
Event: 312.478 Loading class java/io/ObjectOutputStream$BlockDataOutputStream done
Event: 312.478 Loading class java/io/ObjectOutputStream$HandleTable
Event: 312.479 Loading class java/io/ObjectOutputStream$HandleTable done
Event: 312.479 Loading class java/io/ObjectOutputStream$ReplaceTable
Event: 312.479 Loading class java/io/ObjectOutputStream$ReplaceTable done
Event: 2809.929 Loading class java/util/Collections$EmptyListIterator
Event: 2809.944 Loading class java/util/Collections$EmptyListIterator done
Event: 2810.255 Loading class java/util/stream/Nodes$ToArrayTask$OfRef
Event: 2810.279 Loading class java/util/stream/Nodes$ToArrayTask
Event: 2810.288 Loading class java/util/stream/Nodes$ToArrayTask done
Event: 2810.288 Loading class java/util/stream/Nodes$ToArrayTask$OfRef done
Event: 2810.546 Loading class java/lang/Throwable$WrappedPrintWriter
Event: 2810.553 Loading class java/lang/Throwable$PrintStreamOrWriter
Event: 2810.554 Loading class java/lang/Throwable$PrintStreamOrWriter done
Event: 2810.554 Loading class java/lang/Throwable$WrappedPrintWriter done

Classes unloaded (13 events):
Event: 5.593 Thread 0x0000015ebcb845f0 Unloading class 0x0000000100250000 'java/lang/invoke/LambdaForm$MH+0x0000000100250000'
Event: 5.593 Thread 0x0000015ebcb845f0 Unloading class 0x000000010024fc00 'java/lang/invoke/LambdaForm$MH+0x000000010024fc00'
Event: 5.593 Thread 0x0000015ebcb845f0 Unloading class 0x000000010024f800 'java/lang/invoke/LambdaForm$MH+0x000000010024f800'
Event: 5.593 Thread 0x0000015ebcb845f0 Unloading class 0x000000010024f400 'java/lang/invoke/LambdaForm$MH+0x000000010024f400'
Event: 5.593 Thread 0x0000015ebcb845f0 Unloading class 0x000000010024f000 'java/lang/invoke/LambdaForm$BMH+0x000000010024f000'
Event: 5.593 Thread 0x0000015ebcb845f0 Unloading class 0x000000010024ec00 'java/lang/invoke/LambdaForm$DMH+0x000000010024ec00'
Event: 5.593 Thread 0x0000015ebcb845f0 Unloading class 0x000000010024c400 'java/lang/invoke/LambdaForm$DMH+0x000000010024c400'
Event: 37.007 Thread 0x0000015ebcb845f0 Unloading class 0x0000000100945c00 'java/lang/invoke/LambdaForm$MH+0x0000000100945c00'
Event: 37.007 Thread 0x0000015ebcb845f0 Unloading class 0x0000000100946000 'java/lang/invoke/LambdaForm$MH+0x0000000100946000'
Event: 37.007 Thread 0x0000015ebcb845f0 Unloading class 0x0000000100945800 'java/lang/invoke/LambdaForm$MH+0x0000000100945800'
Event: 37.007 Thread 0x0000015ebcb845f0 Unloading class 0x0000000100945000 'java/lang/invoke/LambdaForm$DMH+0x0000000100945000'
Event: 37.007 Thread 0x0000015ebcb845f0 Unloading class 0x0000000100944800 'java/lang/invoke/LambdaForm$DMH+0x0000000100944800'
Event: 37.007 Thread 0x0000015ebcb845f0 Unloading class 0x0000000100944c00 'java/lang/invoke/LambdaForm$DMH+0x0000000100944c00'

Classes redefined (0 events):
No events

Internal exceptions (20 events):
Event: 312.899 Thread 0x0000015ec018d570 Exception <a 'sun/nio/fs/WindowsException'{0x00000000eacfcdc0}> (0x00000000eacfcdc0) 
thrown [s\src\hotspot\share\prims\jni.cpp, line 516]
Event: 312.910 Thread 0x0000015ec018d570 Exception <a 'sun/nio/fs/WindowsException'{0x00000000ead2b7e0}> (0x00000000ead2b7e0) 
thrown [s\src\hotspot\share\prims\jni.cpp, line 516]
Event: 613.295 Thread 0x0000015ec018d570 Implicit null exception at 0x0000015eaecadcec to 0x0000015eaecaef40
Event: 1204.234 Thread 0x0000015ec018d570 Implicit null exception at 0x0000015eae8ad956 to 0x0000015eae8ae454
Event: 2810.026 Thread 0x0000015ed8758830 Exception <a 'java/lang/NoSuchMethodError'{0x00000000eab98cf8}: 'java.lang.Object java.lang.invoke.DirectMethodHandle$Holder.newInvokeSpecial(java.lang.Object, java.lang.Object, java.lang.Object, java.lang.Object, java.lang.Object, java.lang.Object, java.lang.Object, java.lang.Object, java.lang.Object, java.lang.Object)'> (0x00000000eab98cf8) 
thrown [s\src\hotspot\share\interpreter\linkResolver.cpp, line 759]
Event: 2810.035 Thread 0x0000015ed8758830 Exception <a 'java/lang/NoSuchMethodError'{0x00000000eab9d408}: 'java.lang.Object java.lang.invoke.Invokers$Holder.linkToTargetMethod(java.lang.Object, java.lang.Object, java.lang.Object, java.lang.Object, java.lang.Object, java.lang.Object, java.lang.Object, java.lang.Object, java.lang.Object, java.lang.Object)'> (0x00000000eab9d408) 
thrown [s\src\hotspot\share\interpreter\linkResolver.cpp, line 759]
Event: 2810.493 Thread 0x0000015ec018d060 Exception <a 'java/io/IOException'{0x00000000ead01f88}> (0x00000000ead01f88) 
thrown [s\src\hotspot\share\prims\jni.cpp, line 516]
Event: 2810.617 Thread 0x0000015ec018d060 Exception <a 'java/io/IOException'{0x00000000ead1b420}> (0x00000000ead1b420) 
thrown [s\src\hotspot\share\prims\jni.cpp, line 516]
Event: 2810.636 Thread 0x0000015ed8758830 Exception <a 'java/io/IOException'{0x00000000eace8388}> (0x00000000eace8388) 
thrown [s\src\hotspot\share\prims\jni.cpp, line 516]
Event: 2810.650 Thread 0x0000015ed8758830 Exception <a 'java/io/IOException'{0x00000000eace9b80}> (0x00000000eace9b80) 
thrown [s\src\hotspot\share\prims\jni.cpp, line 516]
Event: 2810.672 Thread 0x0000015ed8758830 Exception <a 'java/io/IOException'{0x00000000ead32c38}> (0x00000000ead32c38) 
thrown [s\src\hotspot\share\prims\jni.cpp, line 516]
Event: 2810.677 Thread 0x0000015ed8758830 Exception <a 'java/io/IOException'{0x00000000ead37378}> (0x00000000ead37378) 
thrown [s\src\hotspot\share\prims\jni.cpp, line 516]
Event: 2810.678 Thread 0x0000015ed8758830 Exception <a 'java/io/IOException'{0x00000000ead44d30}> (0x00000000ead44d30) 
thrown [s\src\hotspot\share\prims\jni.cpp, line 516]
Event: 2810.708 Thread 0x0000015ed8758830 Exception <a 'java/io/IOException'{0x00000000ead47980}> (0x00000000ead47980) 
thrown [s\src\hotspot\share\prims\jni.cpp, line 516]
Event: 2810.711 Thread 0x0000015ed8758830 Exception <a 'java/io/IOException'{0x00000000ead555f8}> (0x00000000ead555f8) 
thrown [s\src\hotspot\share\prims\jni.cpp, line 516]
Event: 2813.097 Thread 0x0000015ed875a180 Exception <a 'sun/nio/fs/WindowsException'{0x00000000eaeb7a38}> (0x00000000eaeb7a38) 
thrown [s\src\hotspot\share\prims\jni.cpp, line 516]
Event: 2813.112 Thread 0x0000015ed875a180 Exception <a 'sun/nio/fs/WindowsException'{0x00000000eaeb8078}> (0x00000000eaeb8078) 
thrown [s\src\hotspot\share\prims\jni.cpp, line 516]
Event: 2813.127 Thread 0x0000015ed875a180 Exception <a 'sun/nio/fs/WindowsException'{0x00000000eaeb8c30}> (0x00000000eaeb8c30) 
thrown [s\src\hotspot\share\prims\jni.cpp, line 516]
Event: 2813.127 Thread 0x0000015ed875a180 Exception <a 'sun/nio/fs/WindowsException'{0x00000000eaeb9250}> (0x00000000eaeb9250) 
thrown [s\src\hotspot\share\prims\jni.cpp, line 516]
Event: 2813.837 Thread 0x0000015ebf5e2d30 Exception <a 'sun/nio/fs/WindowsException'{0x00000000eab73100}> (0x00000000eab73100) 
thrown [s\src\hotspot\share\prims\jni.cpp, line 516]

VM Operations (20 events):
Event: 2585.595 Executing VM operation: HandshakeAllThreads
Event: 2585.595 Executing VM operation: HandshakeAllThreads done
Event: 2645.660 Executing VM operation: HandshakeAllThreads
Event: 2645.661 Executing VM operation: HandshakeAllThreads done
Event: 2765.749 Executing VM operation: HandshakeAllThreads
Event: 2765.749 Executing VM operation: HandshakeAllThreads done
Event: 2806.824 Executing VM operation: Cleanup
Event: 2806.833 Executing VM operation: Cleanup done
Event: 2808.883 Executing VM operation: HandshakeAllThreads
Event: 2808.890 Executing VM operation: HandshakeAllThreads done
Event: 2809.542 Executing VM operation: ParallelGCFailedAllocation
Event: 2809.715 Executing VM operation: ParallelGCFailedAllocation done
Event: 2811.720 Executing VM operation: Cleanup
Event: 2811.733 Executing VM operation: Cleanup done
Event: 2812.733 Executing VM operation: Cleanup
Event: 2812.776 Executing VM operation: Cleanup done
Event: 2812.825 Executing VM operation: HandshakeAllThreads
Event: 2812.825 Executing VM operation: HandshakeAllThreads done
Event: 2813.703 Executing VM operation: ParallelGCFailedAllocation
Event: 2813.795 Executing VM operation: ParallelGCFailedAllocation done

Memory protections (0 events):
No events

Nmethod flushes (20 events):
Event: 67.206 Thread 0x0000015ea1d4e930 flushing  nmethod 0x0000015ea7b05010
Event: 67.207 Thread 0x0000015ea1d4e930 flushing  nmethod 0x0000015ea7b1b010
Event: 67.207 Thread 0x0000015ea1d4e930 flushing  nmethod 0x0000015ea7b1b490
Event: 67.207 Thread 0x0000015ea1d4e930 flushing  nmethod 0x0000015ea7b6dd10
Event: 67.208 Thread 0x0000015ea1d4e930 flushing  nmethod 0x0000015ea7cc3a10
Event: 67.212 Thread 0x0000015ea1d4e930 flushing  nmethod 0x0000015ea7fbfd90
Event: 67.213 Thread 0x0000015ea1d4e930 flushing  nmethod 0x0000015ea8073110
Event: 67.213 Thread 0x0000015ea1d4e930 flushing  nmethod 0x0000015ea807ef90
Event: 67.213 Thread 0x0000015ea1d4e930 flushing  nmethod 0x0000015ea80ea010
Event: 67.214 Thread 0x0000015ea1d4e930 flushing  nmethod 0x0000015ea8181f10
Event: 67.214 Thread 0x0000015ea1d4e930 flushing  nmethod 0x0000015ea81d9e90
Event: 67.214 Thread 0x0000015ea1d4e930 flushing  nmethod 0x0000015ea81edd10
Event: 67.215 Thread 0x0000015ea1d4e930 flushing osr nmethod 0x0000015ea82f3b10
Event: 67.215 Thread 0x0000015ea1d4e930 flushing osr nmethod 0x0000015ea8324710
Event: 67.215 Thread 0x0000015ea1d4e930 flushing osr nmethod 0x0000015ea8326a90
Event: 67.215 Thread 0x0000015ea1d4e930 flushing  nmethod 0x0000015ea8372790
Event: 67.216 Thread 0x0000015ea1d4e930 flushing osr nmethod 0x0000015ea8392b10
Event: 67.216 Thread 0x0000015ea1d4e930 flushing  nmethod 0x0000015ea8395a90
Event: 613.500 Thread 0x0000015ea1d4e930 flushing  nmethod 0x0000015ea6e29510
Event: 613.516 Thread 0x0000015ea1d4e930 flushing  nmethod 0x0000015ea78d8210

Events (20 events):
Event: 2810.177 Thread 0x0000015ed8759250 Thread added: 0x0000015ed875de40
Event: 2810.178 Thread 0x0000015ed875b0b0 Thread added: 0x0000015ed875bfe0
Event: 2810.180 Thread 0x0000015ed875e860 Thread added: 0x0000015ed8757900
Event: 2810.291 Thread 0x0000015ed875b0b0 Thread exited: 0x0000015ed875b0b0
Event: 2810.291 Thread 0x0000015ed8759250 Thread exited: 0x0000015ed8759250
Event: 2810.291 Thread 0x0000015ed875e860 Thread exited: 0x0000015ed875e860
Event: 2810.291 Thread 0x0000015ed875a180 Thread exited: 0x0000015ed875a180
Event: 2810.291 Thread 0x0000015ed875bfe0 Thread exited: 0x0000015ed875bfe0
Event: 2810.291 Thread 0x0000015ed8758d40 Thread exited: 0x0000015ed8758d40
Event: 2810.291 Thread 0x0000015ed8758320 Thread exited: 0x0000015ed8758320
Event: 2810.292 Thread 0x0000015ed8757900 Thread exited: 0x0000015ed8757900
Event: 2810.292 Thread 0x0000015ed8756ee0 Thread exited: 0x0000015ed8756ee0
Event: 2810.292 Thread 0x0000015ed875d930 Thread exited: 0x0000015ed875d930
Event: 2810.292 Thread 0x0000015ed875de40 Thread exited: 0x0000015ed875de40
Event: 2810.292 Thread 0x0000015ed875a690 Thread exited: 0x0000015ed875a690
Event: 2810.292 Thread 0x0000015ed875bad0 Thread exited: 0x0000015ed875bad0
Event: 2810.293 Thread 0x0000015ed875aba0 Thread exited: 0x0000015ed875aba0
Event: 2810.293 Thread 0x0000015ed875b5c0 Thread exited: 0x0000015ed875b5c0
Event: 2810.742 Thread 0x0000015ea1cb52b0 Thread added: 0x0000015ed875a180
Event: 2810.986 Thread 0x0000015ed875a180 Thread added: 0x0000015ed875a690


Dynamic libraries:
0x00007ff6bd270000 - 0x00007ff6bd27e000 	c:\Users\Piyush.Rawat\.vscode\extensions\redhat.java-1.37.0-win32-x64\jre\17.0.13-win32-x86_64\bin\java.exe
0x00007ffae12f0000 - 0x00007ffae1507000 	C:\Windows\SYSTEM32\ntdll.dll
0x00007ffae0040000 - 0x00007ffae0104000 	C:\Windows\System32\KERNEL32.DLL
0x00007ffadeaf0000 - 0x00007ffadeea9000 	C:\Windows\System32\KERNELBASE.dll
0x00007ffad8fb0000 - 0x00007ffad9047000 	C:\Windows\SYSTEM32\apphelp.dll
0x00007ffade880000 - 0x00007ffade991000 	C:\Windows\System32\ucrtbase.dll
0x00007ffacd2a0000 - 0x00007ffacd2b7000 	c:\Users\Piyush.Rawat\.vscode\extensions\redhat.java-1.37.0-win32-x64\jre\17.0.13-win32-x86_64\bin\jli.dll
0x00007ffad6470000 - 0x00007ffad648e000 	c:\Users\Piyush.Rawat\.vscode\extensions\redhat.java-1.37.0-win32-x64\jre\17.0.13-win32-x86_64\bin\VCRUNTIME140.dll
0x00007ffadf020000 - 0x00007ffadf1ce000 	C:\Windows\System32\USER32.dll
0x00007ffade9a0000 - 0x00007ffade9c6000 	C:\Windows\System32\win32u.dll
0x00007ffae0130000 - 0x00007ffae0159000 	C:\Windows\System32\GDI32.dll
0x00007ffade9d0000 - 0x00007ffadeaeb000 	C:\Windows\System32\gdi32full.dll
0x00007ffade7e0000 - 0x00007ffade87a000 	C:\Windows\System32\msvcp_win.dll
0x00007ffac1c90000 - 0x00007ffac1f22000 	C:\Windows\WinSxS\amd64_microsoft.windows.common-controls_6595b64144ccf1df_6.0.22621.4391_none_2715d37f73803e96\COMCTL32.dll
0x00007ffadf1d0000 - 0x00007ffadf277000 	C:\Windows\System32\msvcrt.dll
0x00007ffadff80000 - 0x00007ffadffb1000 	C:\Windows\System32\IMM32.DLL
0x0000015ea1c30000 - 0x0000015ea1c44000 	C:\Windows\System32\umppc18721.dll
0x00007ffad7000000 - 0x00007ffad700c000 	c:\Users\Piyush.Rawat\.vscode\extensions\redhat.java-1.37.0-win32-x64\jre\17.0.13-win32-x86_64\bin\vcruntime140_1.dll
0x00007ffabd5b0000 - 0x00007ffabd63d000 	c:\Users\Piyush.Rawat\.vscode\extensions\redhat.java-1.37.0-win32-x64\jre\17.0.13-win32-x86_64\bin\msvcp140.dll
0x00007ffa455f0000 - 0x00007ffa4625b000 	c:\Users\Piyush.Rawat\.vscode\extensions\redhat.java-1.37.0-win32-x64\jre\17.0.13-win32-x86_64\bin\server\jvm.dll
0x00007ffae1090000 - 0x00007ffae1142000 	C:\Windows\System32\ADVAPI32.dll
0x00007ffae0920000 - 0x00007ffae09c7000 	C:\Windows\System32\sechost.dll
0x00007ffadeeb0000 - 0x00007ffadeed8000 	C:\Windows\System32\bcrypt.dll
0x00007ffadf280000 - 0x00007ffadf394000 	C:\Windows\System32\RPCRT4.dll
0x00007ffae0160000 - 0x00007ffae01d1000 	C:\Windows\System32\WS2_32.dll
0x00007ffadd350000 - 0x00007ffadd39d000 	C:\Windows\SYSTEM32\POWRPROF.dll
0x00007ffad6500000 - 0x00007ffad6534000 	C:\Windows\SYSTEM32\WINMM.dll
0x00007ffad35d0000 - 0x00007ffad35da000 	C:\Windows\SYSTEM32\VERSION.dll
0x00007ffadd330000 - 0x00007ffadd343000 	C:\Windows\SYSTEM32\UMPDC.dll
0x00007ffadd5f0000 - 0x00007ffadd608000 	C:\Windows\SYSTEM32\kernel.appcore.dll
0x00007ffad66c0000 - 0x00007ffad66ca000 	c:\Users\Piyush.Rawat\.vscode\extensions\redhat.java-1.37.0-win32-x64\jre\17.0.13-win32-x86_64\bin\jimage.dll
0x00007ffadba70000 - 0x00007ffadbca2000 	C:\Windows\SYSTEM32\DBGHELP.DLL
0x00007ffae0590000 - 0x00007ffae091f000 	C:\Windows\System32\combase.dll
0x00007ffadfea0000 - 0x00007ffadff77000 	C:\Windows\System32\OLEAUT32.dll
0x00007fface2a0000 - 0x00007fface2d2000 	C:\Windows\SYSTEM32\dbgcore.DLL
0x00007ffade5f0000 - 0x00007ffade66b000 	C:\Windows\System32\bcryptPrimitives.dll
0x00007ffad8f70000 - 0x00007ffad8f7e000 	c:\Users\Piyush.Rawat\.vscode\extensions\redhat.java-1.37.0-win32-x64\jre\17.0.13-win32-x86_64\bin\instrument.dll
0x00007ffac1660000 - 0x00007ffac1685000 	c:\Users\Piyush.Rawat\.vscode\extensions\redhat.java-1.37.0-win32-x64\jre\17.0.13-win32-x86_64\bin\java.dll
0x00007ffacb940000 - 0x00007ffacb958000 	c:\Users\Piyush.Rawat\.vscode\extensions\redhat.java-1.37.0-win32-x64\jre\17.0.13-win32-x86_64\bin\zip.dll
0x00007ffadf620000 - 0x00007ffadfe96000 	C:\Windows\System32\SHELL32.dll
0x00007ffadc210000 - 0x00007ffadcb13000 	C:\Windows\SYSTEM32\windows.storage.dll
0x00007ffadc0d0000 - 0x00007ffadc20f000 	C:\Windows\SYSTEM32\wintypes.dll
0x00007ffae02d0000 - 0x00007ffae03c9000 	C:\Windows\System32\SHCORE.dll
0x00007ffae0270000 - 0x00007ffae02ce000 	C:\Windows\System32\shlwapi.dll
0x00007ffade520000 - 0x00007ffade54b000 	C:\Windows\SYSTEM32\profapi.dll
0x00007ffacb4a0000 - 0x00007ffacb4b9000 	C:\Users\Piyush.Rawat\.vscode\extensions\redhat.java-1.37.0-win32-x64\jre\17.0.13-win32-x86_64\bin\net.dll
0x00007ffadd610000 - 0x00007ffadd746000 	C:\Windows\SYSTEM32\WINHTTP.dll
0x00007ffaddba0000 - 0x00007ffaddc09000 	C:\Windows\system32\mswsock.dll
0x00007ffac1f30000 - 0x00007ffac1f46000 	C:\Users\Piyush.Rawat\.vscode\extensions\redhat.java-1.37.0-win32-x64\jre\17.0.13-win32-x86_64\bin\nio.dll
0x00007ffad6720000 - 0x00007ffad6730000 	c:\Users\Piyush.Rawat\.vscode\extensions\redhat.java-1.37.0-win32-x64\jre\17.0.13-win32-x86_64\bin\verify.dll
0x00007ffabe540000 - 0x00007ffabe585000 	C:\Users\Piyush.Rawat\AppData\Roaming\Code\User\globalStorage\redhat.java\1.37.0\config_win\org.eclipse.equinox.launcher\org.eclipse.equinox.launcher.win32.win32.x86_64_1.2.1100.v20240722-2106\eclipse_11904.dll
0x00007ffadf3b0000 - 0x00007ffadf555000 	C:\Windows\System32\ole32.dll
0x00007ffaddea0000 - 0x00007ffaddebb000 	C:\Windows\SYSTEM32\CRYPTSP.dll
0x00007ffadd550000 - 0x00007ffadd585000 	C:\Windows\system32\rsaenh.dll
0x00007ffaddc40000 - 0x00007ffaddc68000 	C:\Windows\SYSTEM32\USERENV.dll
0x00007ffadde80000 - 0x00007ffadde8c000 	C:\Windows\SYSTEM32\CRYPTBASE.dll
0x00007ffadcd70000 - 0x00007ffadcd9d000 	C:\Windows\SYSTEM32\IPHLPAPI.DLL
0x00007ffadf010000 - 0x00007ffadf019000 	C:\Windows\System32\NSI.dll
0x00007ffad92a0000 - 0x00007ffad92b9000 	C:\Windows\SYSTEM32\dhcpcsvc6.DLL
0x00007ffad91e0000 - 0x00007ffad91ff000 	C:\Windows\SYSTEM32\dhcpcsvc.DLL
0x00007ffadcda0000 - 0x00007ffadcea2000 	C:\Windows\SYSTEM32\DNSAPI.dll
0x00007ffabd400000 - 0x00007ffabd449000 	C:\Users\Piyush.Rawat\AppData\Local\Temp\jna-774751063\jna16377240428760729684.dll
0x00007ffae09d0000 - 0x00007ffae09d8000 	C:\Windows\System32\PSAPI.DLL
0x00007ffaca5e0000 - 0x00007ffaca5ee000 	C:\Users\Piyush.Rawat\.vscode\extensions\redhat.java-1.37.0-win32-x64\jre\17.0.13-win32-x86_64\bin\sunmscapi.dll
0x00007ffade670000 - 0x00007ffade7d6000 	C:\Windows\System32\CRYPT32.dll
0x00007ffaddfb0000 - 0x00007ffaddfdd000 	C:\Windows\SYSTEM32\ncrypt.dll
0x00007ffaddf70000 - 0x00007ffaddfa7000 	C:\Windows\SYSTEM32\NTASN1.dll
0x00007ffad5470000 - 0x00007ffad547a000 	C:\Windows\System32\rasadhlp.dll
0x00007ffad5d70000 - 0x00007ffad5df3000 	C:\Windows\System32\fwpuclnt.dll
0x00007ffac1c50000 - 0x00007ffac1c59000 	C:\Users\Piyush.Rawat\.vscode\extensions\redhat.java-1.37.0-win32-x64\jre\17.0.13-win32-x86_64\bin\extnet.dll
0x00007ffabe310000 - 0x00007ffabe337000 	C:\Users\Piyush.Rawat\.gradle\native\c067742578af261105cb4f569cf0c3c89f3d7b1fecec35dd04571415982c5e48\windows-amd64\native-platform.dll
0x00007fface2e0000 - 0x00007fface2ea000 	C:\Users\Piyush.Rawat\.vscode\extensions\redhat.java-1.37.0-win32-x64\jre\17.0.13-win32-x86_64\bin\management.dll
0x00007ffacd220000 - 0x00007ffacd22b000 	C:\Users\Piyush.Rawat\.vscode\extensions\redhat.java-1.37.0-win32-x64\jre\17.0.13-win32-x86_64\bin\management_ext.dll
0x00007ffa9c420000 - 0x00007ffa9c428000 	C:\Windows\system32\wshunix.dll
0x00007ffadd840000 - 0x00007ffadd874000 	C:\Windows\SYSTEM32\ntmarta.dll

dbghelp: loaded successfully - version: 4.0.5 - missing functions: none
symbol engine: initialized successfully - sym options: 0x614 - pdb path: .;c:\Users\Piyush.Rawat\.vscode\extensions\redhat.java-1.37.0-win32-x64\jre\17.0.13-win32-x86_64\bin;C:\Windows\SYSTEM32;C:\Windows\WinSxS\amd64_microsoft.windows.common-controls_6595b64144ccf1df_6.0.22621.4391_none_2715d37f73803e96;c:\Users\Piyush.Rawat\.vscode\extensions\redhat.java-1.37.0-win32-x64\jre\17.0.13-win32-x86_64\bin\server;C:\Users\Piyush.Rawat\AppData\Roaming\Code\User\globalStorage\redhat.java\1.37.0\config_win\org.eclipse.equinox.launcher\org.eclipse.equinox.launcher.win32.win32.x86_64_1.2.1100.v20240722-2106;C:\Users\Piyush.Rawat\AppData\Local\Temp\jna-774751063;C:\Users\Piyush.Rawat\.gradle\native\c067742578af261105cb4f569cf0c3c89f3d7b1fecec35dd04571415982c5e48\windows-amd64

VM Arguments:
jvm_args: --add-modules=ALL-SYSTEM --add-opens=java.base/java.util=ALL-UNNAMED --add-opens=java.base/java.lang=ALL-UNNAMED --add-opens=java.base/sun.nio.fs=ALL-UNNAMED -Declipse.application=org.eclipse.jdt.ls.core.id1 -Dosgi.bundles.defaultStartLevel=4 -Declipse.product=org.eclipse.jdt.ls.core.product -Djava.import.generatesMetadataFilesAtProjectRoot=false -DDetectVMInstallationsJob.disabled=true -Dfile.encoding=utf8 -XX:+UseParallelGC -XX:GCTimeRatio=4 -XX:AdaptiveSizePolicyWeight=90 -Dsun.zip.disableMemoryMapping=true -Xmx1G -Xms100m -Xlog:disable -javaagent:c:\Users\Piyush.Rawat\.vscode\extensions\redhat.java-1.37.0-win32-x64\lombok\lombok-1.18.34.jar -XX:+HeapDumpOnOutOfMemoryError -XX:HeapDumpPath=c:\Users\Piyush.Rawat\AppData\Roaming\Code\User\workspaceStorage\f794391751725f012e91e57c6f0216ca\redhat.java -Daether.dependencyCollector.impl=bf 
java_command: c:\Users\Piyush.Rawat\.vscode\extensions\redhat.java-1.37.0-win32-x64\server\plugins\org.eclipse.equinox.launcher_1.6.900.v20240613-2009.jar -configuration c:\Users\Piyush.Rawat\AppData\Roaming\Code\User\globalStorage\redhat.java\1.37.0\config_win -data c:\Users\Piyush.Rawat\AppData\Roaming\Code\User\workspaceStorage\f794391751725f012e91e57c6f0216ca\redhat.java\jdt_ws --pipe=\\.\pipe\lsp-04c8f7ad80977334a6b9422c05360e4e-sock
java_class_path (initial): c:\Users\Piyush.Rawat\.vscode\extensions\redhat.java-1.37.0-win32-x64\server\plugins\org.eclipse.equinox.launcher_1.6.900.v20240613-2009.jar
Launcher Type: SUN_STANDARD

[Global flags]
    uintx AdaptiveSizePolicyWeight                 = 90                                        {product} {command line}
     intx CICompilerCount                          = 12                                        {product} {ergonomic}
    uintx GCTimeRatio                              = 4                                         {product} {command line}
     bool HeapDumpOnOutOfMemoryError               = true                                   {manageable} {command line}
    ccstr HeapDumpPath                             = c:\Users\Piyush.Rawat\AppData\Roaming\Code\User\workspaceStorage\f794391751725f012e91e57c6f0216ca\redhat.java         {manageable} {command line}
   size_t InitialHeapSize                          = 104857600                                 {product} {command line}
   size_t MaxHeapSize                              = 1073741824                                {product} {command line}
   size_t MaxNewSize                               = 357564416                                 {product} {ergonomic}
   size_t MinHeapDeltaBytes                        = 524288                                    {product} {ergonomic}
   size_t MinHeapSize                              = 104857600                                 {product} {command line}
   size_t NewSize                                  = 34603008                                  {product} {ergonomic}
    uintx NonNMethodCodeHeapSize                   = 7602480                                {pd product} {ergonomic}
    uintx NonProfiledCodeHeapSize                  = 122027880                              {pd product} {ergonomic}
   size_t OldSize                                  = 70254592                                  {product} {ergonomic}
    uintx ProfiledCodeHeapSize                     = 122027880                              {pd product} {ergonomic}
    uintx ReservedCodeCacheSize                    = 251658240                              {pd product} {ergonomic}
     bool SegmentedCodeCache                       = true                                      {product} {ergonomic}
   size_t SoftMaxHeapSize                          = 1073741824                             {manageable} {ergonomic}
     bool UseCompressedClassPointers               = true                           {product lp64_product} {ergonomic}
     bool UseCompressedOops                        = true                           {product lp64_product} {ergonomic}
     bool UseLargePagesIndividualAllocation        = false                                  {pd product} {ergonomic}
     bool UseParallelGC                            = true                                      {product} {command line}

Logging:
Log output configuration:
 #0: stdout all=off uptime,level,tags
 #1: stderr all=off uptime,level,tags

Environment Variables:
PATH=C:\Program Files\Common Files\Oracle\Java\javapath;C:\Windows\system32;C:\Windows;C:\Windows\System32\Wbem;C:\Windows\System32\WindowsPowerShell\v1.0\;C:\Windows\System32\OpenSSH\;C:\Program Files\nodejs\;C:\xampp\php;C:\ProgramData\ComposerSetup\bin;C:\Program Files\Maven\apache-maven-3.9.9\bin;C:\Program Files\Docker\Docker\resources\bin;C:\Program Files\Git\cmd;C:\Users\Piyush.Rawat\AppData\Local\Programs\Python\Python312\Scripts\;C:\Users\Piyush.Rawat\AppData\Local\Programs\Python\Python312\;C:\Users\Piyush.Rawat\AppData\Local\Programs\Python\Launcher\;C:\Users\Piyush.Rawat\AppData\Local\Microsoft\WindowsApps;C:\Users\Piyush.Rawat\AppData\Local\Programs\Microsoft VS Code\bin;C:\Users\Piyush.Rawat\AppData\Local\Programs\Git\cmd;C:\Users\Piyush.Rawat\AppData\Roaming\npm;C:\Users\Piyush.Rawat\AppData\Roaming\Composer\vendor\bin
USERNAME=Piyush.Rawat
OS=Windows_NT
PROCESSOR_IDENTIFIER=Intel64 Family 6 Model 141 Stepping 1, GenuineIntel
TMP=C:\Users\PIYUSH~1.RAW\AppData\Local\Temp
TEMP=C:\Users\PIYUSH~1.RAW\AppData\Local\Temp



Periodic native trim disabled


---------------  S Y S T E M  ---------------

OS:
 Windows 11 , 64 bit Build 22621 (10.0.22621.4391)
OS uptime: 1 days 2:41 hours
Hyper-V role detected

CPU: total 16 (initial active 16) (8 cores per cpu, 2 threads per core) family 6 model 141 stepping 1 microcode 0x52, cx8, cmov, fxsr, ht, mmx, 3dnowpref, sse, sse2, sse3, ssse3, sse4.1, sse4.2, popcnt, lzcnt, tsc, tscinvbit, avx, avx2, aes, erms, clmul, bmi1, bmi2, adx, avx512f, avx512dq, avx512cd, avx512bw, avx512vl, sha, fma, vzeroupper, avx512_vpopcntdq, avx512_vpclmulqdq, avx512_vaes, avx512_vnni, clflush, clflushopt, clwb, avx512_vbmi2, avx512_vbmi, hv
Processor Information for all 16 processors :
  Max Mhz: 2304, Current Mhz: 2304, Mhz Limit: 2304

Memory: 4k page, system-wide physical 16126M (4M free)
TotalPageFile size 46636M (AvailPageFile size 0M)
current process WorkingSet (physical memory assigned to process): 154M, peak: 1174M
current process commit charge ("private bytes"): 765M, peak: 961M

vm_info: OpenJDK 64-Bit Server VM (17.0.13+11) for windows-amd64 JRE (17.0.13+11), built on Oct 16 2024 00:10:08 by "admin" with MS VC++ 17.7 (VS2022)

END.
